{
  "RSpec": {
    "coverage": {
      "/Users/danielstephenson/Documents/Projects/SilverBars-Marketplace/spec/silverbars_spec.rb": [
        1,
        1,
        1,
        1,
        1,
        null,
        null,
        null
      ],
      "/Users/danielstephenson/Documents/Projects/SilverBars-Marketplace/lib/silverbars.rb": [
        1,
        1,
        1,
        1,
        null,
        null,
        1,
        1,
        null,
        null
      ]
    },
    "timestamp": 1547897935
  }
}
