{
  "RSpec": {
    "coverage": {
      "/Users/danielstephenson/Documents/Projects/SilverBars-Marketplace/spec/silverbars_spec.rb": [
        1,
        1,
        1,
        1,
        1,
        1,
        1,
        2,
        null,
        null,
        null,
        null,
        null,
        1,
        1,
        1,
        1,
        1,
        2,
        null,
        null,
        null,
        1,
        1,
        1,
        1,
        2,
        null,
        null,
        null,
        1,
        1,
        1,
        2,
        null,
        null,
        null,
        null,
        null,
        1,
        1,
        1,
        1,
        1,
        1,
        2,
        null,
        null,
        null,
        null,
        null,
        1,
        1,
        1,
        1,
        1,
        1,
        2,
        null,
        null,
        null,
        null,
        null
      ],
      "/Users/danielstephenson/Documents/Projects/SilverBars-Marketplace/lib/silverbars.rb": [
        null,
        1,
        1,
        6,
        6,
        6,
        null,
        null,
        1,
        12,
        12,
        14,
        14,
        null,
        null,
        1,
        16,
        16,
        7,
        null,
        9,
        null,
        16,
        null,
        null,
        1,
        1,
        null,
        null,
        1,
        1,
        null,
        null
      ]
    },
    "timestamp": 1548016075
  }
}
